<?xml version="1.0" encoding="UTF-8"?>
<!-- Generated by org.testng.reporters.JUnitReportReporter -->
<testsuite skipped="0" hostname="mp-ubn004" name="MPLLC.TrackThat.Tc" tests="1" failures="0" timestamp="06 Sep 2019 13:14:27 GMT" time="15.759" errors="0">
  <testcase name="run" time="15.759" classname="MPLLC.TrackThat.Tc"/>
</testsuite> <!-- MPLLC.TrackThat.Tc -->
